2025-10-03 14:20:42 - ====== 开始执行自动发布任务 ======
2025-10-03 14:20:42 - ✅ 步骤 1/2: 开始同步笔记文件...
Transfer starting: 720 files
./
Zero Sum Game.md
\#234\#221\#220\#215 1.md
Economics/
Math/
templates/

sent 36760 bytes  received 88 bytes  1266k bytes/sec
total size is 55893k  speedup is 1516.85
2025-10-03 14:20:42 - 笔记同步完成。
2025-10-03 14:20:42 - ✅ 步骤 2/2: 开始处理内容并自动推送到 GitHub...

 Quartz v4.5.2 

Backing up your content
[v4 e587219] Quartz sync: Oct 3, 2025, 2:20 PM
 4 files changed, 61 insertions(+), 12 deletions(-)
 create mode 100644 "content/\346\234\252\345\221\275\345\220\215 1.md"
 create mode 100644 publish.log
 mode change 100644 => 100755 publish.sh
Pulling updates from your repository. You may need to resolve some `git` conflicts if you've made changes to components or plugins.
来自 https://github.com/AugustHuangMX/HZDDigitalGarden
 * branch            v4         -> FETCH_HEAD
已经是最新的。
Pushing your changes
To https://github.com/AugustHuangMX/HZDDigitalGarden.git
   09edd89..e587219  v4 -> v4
分支 'v4' 设置为跟踪 'origin/v4'。
Done!
2025-10-03 14:20:48 - 🚀 内容处理和推送完成！Vercel 将开始自动部署。
2025-10-03 14:20:48 - ====== 自动发布任务执行完毕 ======
2025-10-04 00:18:03 - ====== 开始执行自动发布任务 ======
2025-10-04 00:18:03 - ✅ 步骤 1/2: 开始同步笔记文件...
Transfer starting: 721 files
./
Cooperative Game Theory.md
Nash Bargaining Model.md
Threat Values.md
Economics/
Math/
templates/

sent 37749 bytes  received 110 bytes  839k bytes/sec
total size is 55894k  speedup is 1476.37
2025-10-04 00:18:04 - 笔记同步完成。
2025-10-04 00:18:04 - ✅ 步骤 2/2: 开始处理内容并自动推送到 GitHub...

 Quartz v4.5.2 

Backing up your content
[v4 237dc1c] Quartz sync: Oct 4, 2025, 12:18 AM
 4 files changed, 54 insertions(+), 2 deletions(-)
 create mode 100644 content/Cooperative Game Theory.md
Pulling updates from your repository. You may need to resolve some `git` conflicts if you've made changes to components or plugins.
来自 https://github.com/AugustHuangMX/HZDDigitalGarden
 * branch            v4         -> FETCH_HEAD
已经是最新的。
Pushing your changes
To https://github.com/AugustHuangMX/HZDDigitalGarden.git
   e587219..237dc1c  v4 -> v4
分支 'v4' 设置为跟踪 'origin/v4'。
Done!
2025-10-04 00:18:07 - 🚀 内容处理和推送完成！Vercel 将开始自动部署。
2025-10-04 00:18:07 - ====== 自动发布任务执行完毕 ======
2025-10-04 11:39:35 - ====== 开始执行自动发布任务 ======
2025-10-04 11:39:35 - ✅ 步骤 1/2: 开始同步笔记文件...
Transfer starting: 721 files
./
Economics/
Math/
templates/

sent 34919 bytes  received 44 bytes  1244k bytes/sec
total size is 55894k  speedup is 1598.66
2025-10-04 11:39:35 - 笔记同步完成。
2025-10-04 11:39:35 - ✅ 步骤 2/2: 开始处理内容并自动推送到 GitHub...

 Quartz v4.5.2 

Backing up your content
[v4 aeb3a7f] Quartz sync: Oct 4, 2025, 11:39 AM
 3 files changed, 39 insertions(+), 5 deletions(-)
Pulling updates from your repository. You may need to resolve some `git` conflicts if you've made changes to components or plugins.
来自 https://github.com/AugustHuangMX/HZDDigitalGarden
 * branch            v4         -> FETCH_HEAD
已经是最新的。
Pushing your changes
To https://github.com/AugustHuangMX/HZDDigitalGarden.git
   237dc1c..aeb3a7f  v4 -> v4
分支 'v4' 设置为跟踪 'origin/v4'。
Done!
2025-10-04 11:39:38 - 🚀 内容处理和推送完成！Vercel 将开始自动部署。
2025-10-04 11:39:38 - ====== 自动发布任务执行完毕 ======
